<?xml version="1.0" encoding="UTF-8"?>
<!-- Generated by org.testng.reporters.JUnitReportReporter -->
<testsuite hostname="Aditya" failures="0" tests="2" name="CucumberOptions.TestNGTestRunner" time="29.109" errors="0" timestamp="2026-01-20T14:00:29 IST" skipped="0">
  <testcase classname="CucumberOptions.TestNGTestRunner" name="runScenario" time="15.621"/>
  <testcase classname="CucumberOptions.TestNGTestRunner" name="runScenario" time="13.488"/>
</testsuite> <!-- CucumberOptions.TestNGTestRunner -->
